[0.028s] Invoking command in '/home/batch9/ros2_ws/build/rplidar_ros': CMAKE_PREFIX_PATH=${CMAKE_PREFIX_PATH}:/home/batch9/ros2_ws/install/rplidar_distance_angle_publisher:/opt/ros/jazzy DEBUGINFOD_URLS=https://debuginfod.ubuntu.com /usr/bin/cmake --build /home/batch9/ros2_ws/build/rplidar_ros -- -j4 -l4
[0.176s] [  7%] [32mBuilding CXX object CMakeFiles/rplidar_client.dir/src/rplidar_client.cpp.o[0m
[0.177s] [ 50%] Built target rplidar_composition
[0.187s] [ 97%] Built target rplidar_node
[3.909s] [01m[K/home/batch9/ros2_ws/src/rplidar_ros/src/rplidar_client.cpp:[m[K In function â€˜[01m[Kvoid[01;32m[K scanCb[m[K(sensor_msgs::msg::LaserScan_<std::allocator<void> >::SharedPtr)[m[Kâ€™:
[3.909s] [01m[K/home/batch9/ros2_ws/src/rplidar_ros/src/rplidar_client.cpp:25:5:[m[K [01;31m[Kerror: [m[Kredeclaration of â€˜[01m[Kint count[m[Kâ€™
[3.910s]    25 | int [01;31m[Kcount[m[K=1;
[3.910s]       |     [01;31m[K^~~~~[m[K
[3.910s] [01m[K/home/batch9/ros2_ws/src/rplidar_ros/src/rplidar_client.cpp:20:7:[m[K [01;36m[Knote: [m[Kâ€˜[01m[Kint count[m[Kâ€™ previously declared here
[3.910s]    20 |   int [01;36m[Kcount[m[K = scan->scan_time / scan->time_increment;
[3.910s]       |       [01;36m[K^~~~~[m[K
[7.453s] gmake[2]: *** [CMakeFiles/rplidar_client.dir/build.make:76: CMakeFiles/rplidar_client.dir/src/rplidar_client.cpp.o] Error 1
[7.453s] gmake[1]: *** [CMakeFiles/Makefile2:193: CMakeFiles/rplidar_client.dir/all] Error 2
[7.453s] gmake: *** [Makefile:146: all] Error 2
[7.457s] Invoked command in '/home/batch9/ros2_ws/build/rplidar_ros' returned '2': CMAKE_PREFIX_PATH=${CMAKE_PREFIX_PATH}:/home/batch9/ros2_ws/install/rplidar_distance_angle_publisher:/opt/ros/jazzy DEBUGINFOD_URLS=https://debuginfod.ubuntu.com /usr/bin/cmake --build /home/batch9/ros2_ws/build/rplidar_ros -- -j4 -l4
